<?xml version="1.0" encoding="UTF-8"?>
<testsuite xmlns:xsi="http://www.w3.org/2001/XMLSchema-instance" xsi:noNamespaceSchemaLocation="https://maven.apache.org/surefire/maven-surefire-plugin/xsd/surefire-test-report.xsd" name="com.example.demo.TelefonistaTests" time="10.721" tests="13" errors="0" skipped="0" failures="0">
  <properties>
[...]
</properties>
  <testcase name="test01_loginCorrecto" classname="com.example.demo.TelefonistaTests" time="2.247"/>
  <testcase name="test02_loginIncorrecto" classname="com.example.demo.TelefonistaTests" time="0.238"/>
  <testcase name="test03_loginIncorrecto" classname="com.example.demo.TelefonistaTests" time="0.003"/>
  <testcase name="test04_loginIncorrecto" classname="com.example.demo.TelefonistaTests" time="0.11"/>
  <testcase name="test05_anadirPedidoCorrecto" classname="com.example.demo.TelefonistaTests" time="0.862"/>
  <testcase name="test06_anadirPedidoIncorrecto" classname="com.example.demo.TelefonistaTests" time="0.055"/>
  <testcase name="test07_anadirPedidoIncorrecto" classname="com.example.demo.TelefonistaTests" time="0.057"/>
  <testcase name="test08_modificarPedidoCorrecto" classname="com.example.demo.TelefonistaTests" time="0.133"/>
  <testcase name="test09_modificarPedidoInorrecto" classname="com.example.demo.TelefonistaTests" time="0.044"/>
  <testcase name="test10_modificarPedidoInorrecto" classname="com.example.demo.TelefonistaTests" time="0.029"/>
  <testcase name="test11_eliminarPedidoCorrecto" classname="com.example.demo.TelefonistaTests" time="0.101"/>
  <testcase name="test12_eliminarPedidoIncorrecto" classname="com.example.demo.TelefonistaTests" time="0.029"/>
  <testcase name="test13_eliminarPedidoIncorrecto" classname="com.example.demo.TelefonistaTests" time="0.027"/>
</testsuite>